TN:
SF:lib/core/api/supabase_client_api.dart
FNF:0
FNH:0
DA:8,0
DA:13,0
DA:14,0
LF:3
LH:0
end_of_record
TN:
SF:lib/core/services/storage_service.dart
FNF:0
FNH:0
DA:11,0
DA:17,0
DA:18,0
DA:19,0
DA:29,0
DA:33,0
DA:37,0
DA:41,0
DA:43,0
DA:44,0
DA:48,0
DA:49,0
DA:50,0
DA:52,0
DA:53,0
DA:57,0
DA:58,0
DA:59,0
DA:61,0
DA:64,0
DA:65,0
DA:74,0
DA:75,0
DA:79,0
DA:80,0
DA:84,0
DA:85,0
DA:86,0
DA:89,0
DA:91,0
DA:93,0
DA:95,0
DA:97,0
DA:99,0
DA:104,0
DA:105,0
DA:109,0
DA:110,0
DA:111,0
DA:113,0
DA:114,0
DA:121,0
DA:122,0
DA:124,0
DA:125,0
DA:131,0
DA:133,0
DA:136,0
DA:138,0
DA:140,0
DA:142,0
LF:51
LH:0
end_of_record
TN:
SF:lib/core/services/storage_service_provider.dart
FNF:0
FNH:0
DA:7,0
DA:8,0
DA:9,0
LF:3
LH:0
end_of_record
TN:
SF:lib/core/theme/app_theme.dart
FNF:0
FNH:0
DA:123,0
DA:124,0
DA:144,0
DA:147,0
DA:148,0
DA:154,0
DA:155,0
DA:159,0
DA:166,0
DA:167,0
DA:174,0
DA:175,0
DA:178,0
DA:184,0
DA:191,0
DA:192,0
DA:195,0
DA:196,0
DA:199,0
DA:200,0
DA:227,0
DA:228,0
DA:230,0
DA:250,0
DA:251,0
DA:253,0
LF:26
LH:0
end_of_record
TN:
SF:lib/core/utils/currency_helper.dart
FNF:0
FNH:0
DA:10,0
DA:13,0
DA:20,0
LF:3
LH:0
end_of_record
TN:
SF:lib/core/utils/image_capture_helper.dart
FNF:0
FNH:0
DA:14,0
DA:19,0
DA:24,0
DA:29,0
DA:32,0
DA:35,0
DA:38,0
DA:42,0
DA:46,0
DA:49,0
DA:52,0
DA:56,0
DA:59,0
DA:62,0
DA:65,0
DA:68,0
DA:76,0
DA:79,0
DA:81,0
DA:82,0
DA:83,0
DA:87,0
DA:101,0
DA:103,0
DA:105,0
DA:108,0
DA:109,0
DA:111,0
DA:113,0
DA:117,0
DA:119,0
LF:31
LH:0
end_of_record
TN:
SF:lib/core/utils/image_compressor.dart
FNF:0
FNH:0
DA:16,0
DA:18,0
DA:22,0
DA:23,0
DA:24,0
DA:26,0
DA:27,0
DA:34,0
LF:8
LH:0
end_of_record
TN:
SF:lib/features/Dashboard/data/models/admin_dashboard_models.dart
FNF:0
FNH:0
DA:6,0
DA:11,0
DA:13,0
DA:14,0
DA:15,2
DA:26,1
DA:34,1
DA:35,1
DA:36,1
DA:37,2
DA:39,1
DA:40,2
DA:42,1
DA:43,2
DA:45,1
DA:46,2
DA:48,1
DA:49,2
DA:67,1
DA:73,0
DA:74,0
DA:75,0
DA:77,2
DA:78,2
DA:79,2
DA:80,2
DA:102,1
DA:110,0
DA:111,0
DA:112,0
DA:113,0
DA:114,0
DA:116,2
DA:117,2
DA:118,2
DA:119,2
DA:120,2
DA:121,2
DA:143,1
DA:151,0
DA:152,0
DA:154,1
DA:155,1
DA:156,3
DA:157,3
DA:158,2
DA:159,3
DA:160,2
DA:176,1
DA:182,0
DA:183,0
DA:186,0
DA:188,2
DA:189,3
DA:190,2
DA:191,2
DA:204,1
DA:209,0
DA:210,0
DA:212,2
DA:213,2
DA:214,2
LF:62
LH:43
end_of_record
TN:
SF:lib/features/Dashboard/data/repositories/dashboard_repository.dart
FNF:0
FNH:0
DA:10,1
DA:12,1
DA:15,2
DA:18,1
DA:21,0
DA:22,0
DA:27,0
DA:28,0
DA:29,0
DA:32,0
DA:33,0
DA:34,0
DA:35,0
DA:38,0
DA:43,0
DA:47,0
DA:48,0
DA:50,0
DA:51,0
DA:52,0
DA:54,0
DA:56,0
DA:58,0
DA:59,0
DA:60,0
DA:61,0
DA:66,0
DA:68,0
DA:72,0
DA:75,0
DA:78,0
DA:79,0
LF:32
LH:4
end_of_record
TN:
SF:lib/features/Dashboard/domain/providers/dashboard_providers.dart
FNF:0
FNH:0
DA:8,0
DA:9,0
DA:13,0
DA:14,0
DA:15,0
DA:19,0
DA:20,0
DA:21,0
DA:22,0
LF:9
LH:0
end_of_record
TN:
SF:lib/features/auth/data/models/auth_model.dart
FNF:0
FNH:0
DA:9,1
DA:18,1
DA:19,1
DA:20,1
DA:21,1
DA:22,1
DA:23,1
DA:24,1
DA:25,1
DA:29,1
DA:30,1
DA:31,1
DA:32,1
DA:33,1
DA:34,1
DA:35,1
DA:36,1
LF:17
LH:17
end_of_record
TN:
SF:lib/features/auth/data/repositories/auth_repository.dart
FNF:0
FNH:0
DA:9,1
DA:15,1
DA:23,1
DA:26,2
DA:29,1
DA:30,2
DA:33,2
DA:34,3
DA:38,1
DA:40,1
DA:42,3
DA:44,2
DA:51,1
DA:55,2
DA:58,2
DA:60,1
DA:63,2
DA:65,2
DA:66,2
DA:67,1
DA:70,2
DA:71,1
DA:74,2
DA:75,2
DA:78,1
DA:83,1
DA:85,3
DA:87,2
DA:96,4
DA:100,1
DA:101,1
DA:106,1
DA:107,1
DA:108,1
DA:109,2
DA:110,1
DA:123,1
DA:132,3
DA:134,1
DA:144,1
DA:145,2
DA:146,2
DA:148,1
DA:151,0
DA:152,0
DA:154,0
DA:156,2
DA:165,1
DA:166,2
DA:169,2
LF:50
LH:47
end_of_record
TN:
SF:lib/features/auth/domain/providers/auth_provider.dart
FNF:0
FNH:0
DA:8,0
DA:9,0
DA:13,0
DA:14,0
DA:15,0
DA:20,0
DA:21,0
DA:22,0
DA:28,0
DA:30,0
DA:33,0
DA:38,0
DA:39,0
LF:13
LH:0
end_of_record
TN:
SF:lib/features/manage_expeditions/data/models/expedition_model.dart
FNF:0
FNH:0
DA:22,1
DA:37,1
DA:38,1
DA:39,1
DA:40,1
DA:42,1
DA:43,2
DA:44,1
DA:45,1
DA:47,2
DA:48,2
DA:49,1
DA:50,1
DA:52,1
DA:53,2
DA:56,1
DA:57,2
DA:64,1
DA:65,1
DA:66,2
DA:67,2
DA:69,1
DA:70,4
DA:71,4
DA:72,4
DA:73,2
DA:74,2
DA:75,2
DA:76,2
DA:77,1
DA:78,2
DA:83,1
DA:95,1
DA:96,1
DA:97,1
DA:98,1
DA:99,1
DA:100,1
DA:101,1
DA:102,1
DA:103,1
DA:104,1
DA:106,1
DA:110,1
DA:112,4
DA:115,1
DA:118,4
DA:121,1
DA:122,2
LF:49
LH:49
end_of_record
TN:
SF:lib/features/manage_expeditions/data/models/expedition_partner_model.dart
FNF:0
FNH:0
DA:9,1
DA:16,1
DA:17,1
DA:18,1
DA:19,1
DA:20,1
DA:21,1
DA:25,1
DA:26,1
DA:27,2
DA:28,2
DA:29,3
DA:30,3
DA:34,1
DA:40,1
DA:41,1
DA:42,1
DA:43,1
DA:44,1
DA:48,1
DA:49,3
DA:51,1
DA:54,4
DA:56,1
DA:57,2
LF:25
LH:25
end_of_record
TN:
SF:lib/features/manage_expeditions/data/repositories/expedition_partner_repository.dart
FNF:0
FNH:0
DA:10,0
DA:16,0
DA:17,0
DA:18,0
DA:26,0
DA:27,0
DA:29,0
DA:30,0
DA:31,0
DA:32,0
DA:35,0
DA:36,0
DA:37,0
DA:40,0
DA:41,0
DA:46,0
DA:47,0
DA:49,0
DA:50,0
DA:51,0
DA:52,0
DA:53,0
DA:56,0
DA:57,0
DA:58,0
DA:61,0
DA:62,0
DA:70,0
DA:75,0
DA:77,0
DA:78,0
DA:79,0
DA:81,0
DA:82,0
DA:83,0
DA:84,0
DA:85,0
DA:87,0
DA:88,0
DA:91,0
DA:92,0
DA:100,0
DA:106,0
DA:108,0
DA:110,0
DA:111,0
DA:113,0
DA:114,0
DA:115,0
DA:116,0
DA:117,0
DA:118,0
DA:120,0
DA:121,0
DA:124,0
DA:125,0
DA:133,0
DA:134,0
DA:136,0
DA:137,0
DA:138,0
DA:139,0
DA:140,0
DA:142,0
DA:143,0
LF:65
LH:0
end_of_record
TN:
SF:lib/features/manage_expeditions/data/repositories/expedition_repository.dart
FNF:0
FNH:0
DA:13,0
DA:19,0
DA:20,0
DA:21,0
DA:29,0
DA:30,0
DA:34,0
DA:35,0
DA:36,0
DA:41,0
DA:45,0
DA:46,0
DA:48,0
DA:51,0
DA:52,0
DA:64,0
DA:68,0
DA:71,0
DA:75,0
DA:76,0
DA:79,0
DA:80,0
DA:81,0
DA:83,0
DA:84,0
DA:88,0
DA:89,0
DA:90,0
DA:92,0
DA:95,0
DA:98,0
DA:99,0
DA:100,0
DA:101,0
DA:106,0
DA:108,0
DA:109,0
DA:112,0
DA:113,0
DA:125,0
DA:126,0
DA:129,0
DA:130,0
DA:133,0
DA:135,0
DA:136,0
DA:141,0
DA:142,0
DA:144,0
DA:145,0
DA:148,0
DA:149,0
DA:150,0
DA:151,0
DA:155,0
DA:156,0
DA:162,0
DA:164,0
DA:165,0
DA:175,0
DA:176,0
DA:178,0
DA:179,0
DA:180,0
DA:183,0
DA:184,0
DA:193,0
DA:194,0
DA:196,0
DA:197,0
DA:198,0
DA:199,0
DA:200,0
DA:201,0
DA:202,0
DA:205,0
DA:206,0
DA:211,0
DA:212,0
DA:214,0
DA:215,0
DA:216,0
DA:217,0
DA:219,0
DA:220,0
DA:223,0
DA:225,0
DA:226,0
LF:88
LH:0
end_of_record
TN:
SF:lib/features/manage_expeditions/domain/expedition_provider.dart
FNF:0
FNH:0
DA:16,0
DA:17,0
DA:25,0
DA:26,0
DA:27,0
DA:28,0
DA:39,0
DA:43,0
DA:44,0
DA:45,0
DA:47,0
DA:48,0
DA:49,0
DA:50,0
DA:53,0
DA:54,0
DA:55,0
DA:56,0
DA:59,0
DA:69,0
DA:74,0
DA:75,0
DA:76,0
DA:80,0
DA:81,0
DA:84,0
DA:87,0
DA:90,0
DA:93,0
DA:95,0
DA:96,0
DA:98,0
DA:99,0
DA:105,0
DA:106,0
DA:109,0
DA:112,0
DA:115,0
DA:118,0
DA:120,0
DA:121,0
DA:123,0
DA:124,0
DA:131,0
DA:132,0
DA:141,0
DA:142,0
DA:151,0
DA:152,0
DA:157,0
DA:160,0
DA:161,0
DA:162,0
DA:163,0
DA:164,0
DA:165,0
DA:166,0
DA:168,0
DA:172,0
DA:173,0
DA:182,0
DA:183,0
DA:184,0
DA:189,0
DA:191,0
DA:192,0
DA:195,0
DA:196,0
DA:199,0
DA:200,0
DA:201,0
DA:202,0
DA:203,0
DA:204,0
DA:208,0
DA:209,0
DA:210,0
DA:218,0
DA:221,0
DA:222,0
DA:225,0
DA:230,0
DA:232,0
DA:233,0
DA:234,0
DA:235,0
DA:236,0
DA:237,0
DA:238,0
DA:240,0
DA:241,0
DA:246,0
DA:252,0
DA:254,0
DA:255,0
DA:256,0
DA:257,0
DA:258,0
DA:259,0
DA:260,0
DA:262,0
DA:263,0
DA:268,0
DA:269,0
DA:271,0
DA:272,0
DA:273,0
DA:274,0
DA:275,0
DA:277,0
DA:278,0
DA:284,0
DA:285,0
LF:113
LH:0
end_of_record
TN:
SF:lib/features/manage_factories/data/models/factory_model.dart
FNF:0
FNH:0
DA:9,2
DA:18,1
DA:19,1
DA:20,1
DA:21,1
DA:22,1
DA:23,1
DA:28,0
DA:29,0
DA:30,0
DA:31,0
DA:32,0
DA:33,0
DA:38,0
DA:44,0
DA:45,0
DA:46,0
DA:47,0
DA:48,0
DA:52,0
DA:54,0
DA:57,0
DA:61,0
DA:64,0
DA:65,0
LF:25
LH:7
end_of_record
TN:
SF:lib/features/manage_factories/data/repositories/factory_repository.dart
FNF:0
FNH:0
DA:11,1
DA:20,1
DA:21,2
DA:22,2
DA:31,1
DA:35,2
DA:37,2
DA:40,1
DA:41,1
DA:42,1
DA:43,1
DA:44,3
DA:47,3
DA:48,1
DA:50,3
DA:53,0
DA:54,0
DA:59,0
DA:60,0
DA:62,0
DA:63,0
DA:66,0
DA:67,0
DA:68,0
DA:69,0
DA:70,0
DA:73,0
DA:74,0
DA:76,0
DA:79,0
DA:80,0
DA:85,0
DA:86,0
DA:88,0
DA:89,0
DA:90,0
DA:91,0
DA:92,0
DA:95,0
DA:99,0
DA:100,0
DA:103,0
DA:104,0
DA:113,0
DA:118,0
DA:120,0
DA:121,0
DA:122,0
DA:127,0
DA:128,0
DA:130,0
DA:131,0
DA:134,0
DA:137,0
DA:138,0
DA:139,0
DA:142,0
DA:151,0
DA:157,0
DA:159,0
DA:160,0
DA:161,0
DA:166,0
DA:167,0
DA:168,0
DA:170,0
DA:171,0
DA:174,0
DA:177,0
DA:178,0
DA:179,0
DA:182,0
DA:191,0
DA:192,0
DA:195,0
DA:196,0
DA:197,0
DA:198,0
DA:199,0
DA:201,0
DA:202,0
DA:203,0
DA:210,0
DA:212,0
DA:215,0
DA:219,0
DA:220,0
DA:229,0
DA:230,0
DA:232,0
DA:233,0
DA:234,0
DA:235,0
DA:239,0
DA:240,0
DA:243,0
DA:244,0
LF:97
LH:15
end_of_record
TN:
SF:lib/features/manage_factories/domain/providers/factory_provider.dart
FNF:0
FNH:0
DA:12,3
DA:13,0
DA:14,0
DA:24,1
DA:27,2
DA:28,2
DA:31,2
DA:32,1
DA:41,2
DA:42,2
DA:43,2
DA:44,2
DA:47,1
DA:48,1
DA:50,1
DA:55,3
DA:56,0
DA:57,0
DA:66,1
DA:71,1
DA:72,2
DA:75,2
DA:79,1
DA:84,2
DA:86,1
DA:89,3
DA:91,1
DA:98,3
DA:99,3
DA:101,3
DA:102,1
DA:106,0
DA:107,0
DA:113,1
DA:119,2
DA:121,1
DA:124,3
DA:126,1
DA:134,3
DA:136,2
DA:137,1
DA:141,0
DA:142,0
DA:148,1
DA:149,2
DA:151,1
DA:154,3
DA:156,1
DA:159,3
DA:160,3
DA:162,2
DA:163,1
DA:165,0
DA:166,0
DA:173,2
DA:174,1
LF:56
LH:46
end_of_record
TN:
SF:lib/features/manage_majun/data/model/majun_transactions_model.dart
FNF:0
FNH:0
DA:17,1
DA:29,1
DA:30,1
DA:31,2
DA:32,1
DA:34,1
DA:35,3
DA:36,1
DA:38,3
DA:40,3
DA:41,1
DA:42,1
DA:44,1
DA:45,3
DA:47,1
DA:51,1
DA:52,1
DA:53,1
DA:54,4
DA:55,1
DA:57,3
DA:58,3
DA:62,1
DA:64,5
DA:66,1
DA:69,1
DA:70,5
DA:71,0
DA:72,0
DA:73,0
DA:76,1
DA:78,3
DA:79,0
DA:98,1
DA:109,1
DA:110,1
DA:111,2
DA:112,1
DA:114,1
DA:115,3
DA:116,1
DA:118,3
DA:119,1
DA:120,1
DA:122,1
DA:123,3
DA:125,1
DA:129,1
DA:130,1
DA:131,1
DA:132,4
DA:133,1
DA:135,3
DA:136,1
DA:140,1
DA:142,4
DA:152,1
DA:158,1
DA:159,1
DA:160,2
DA:162,3
DA:164,3
LF:62
LH:58
end_of_record
TN:
SF:lib/features/manage_majun/data/repositories/majun_repository.dart
FNF:0
FNH:0
DA:10,1
DA:17,1
DA:19,1
DA:20,1
DA:21,1
DA:24,4
DA:26,0
DA:31,0
DA:34,0
DA:35,0
DA:36,0
DA:37,0
DA:38,0
DA:39,0
DA:41,0
DA:46,0
DA:48,0
DA:50,0
DA:51,0
DA:52,0
DA:53,0
DA:54,0
DA:57,0
DA:59,0
DA:68,0
DA:75,0
DA:78,0
DA:80,0
DA:81,0
DA:82,0
DA:84,0
DA:85,0
DA:88,0
DA:89,0
DA:90,0
DA:92,0
DA:103,0
DA:111,0
DA:112,0
DA:113,0
DA:118,0
DA:120,0
DA:121,0
DA:123,0
DA:125,0
DA:135,0
DA:143,0
DA:144,0
DA:145,0
DA:150,0
DA:152,0
DA:153,0
DA:155,0
DA:157,0
DA:166,0
DA:171,0
DA:173,0
DA:175,0
DA:177,0
DA:178,0
DA:179,0
DA:182,0
DA:184,0
DA:186,0
DA:191,0
DA:196,0
DA:198,0
DA:200,0
DA:202,0
DA:203,0
DA:204,0
DA:207,0
DA:209,0
DA:211,0
DA:220,0
DA:222,0
DA:224,0
DA:225,0
DA:226,0
DA:227,0
DA:229,0
DA:230,0
DA:231,0
DA:237,0
LF:84
LH:6
end_of_record
TN:
SF:lib/features/manage_majun/domain/providers/majun_provider.dart
FNF:0
FNH:0
DA:13,3
DA:14,0
DA:15,0
DA:22,0
DA:23,0
DA:26,0
DA:29,0
DA:32,0
DA:35,0
DA:38,4
DA:39,3
DA:42,0
DA:43,0
DA:50,2
DA:51,1
DA:54,1
DA:57,1
DA:58,1
DA:59,3
DA:60,4
DA:61,3
DA:63,2
DA:71,0
DA:72,0
DA:75,0
DA:80,0
DA:85,0
DA:89,0
DA:90,0
DA:92,0
DA:94,0
DA:98,0
DA:105,0
DA:113,0
DA:114,0
DA:117,0
DA:126,0
DA:127,0
DA:130,0
DA:135,0
DA:140,0
DA:144,0
DA:145,0
DA:147,0
DA:149,0
DA:155,0
DA:163,0
DA:171,0
DA:172,0
DA:175,0
LF:50
LH:12
end_of_record
TN:
SF:lib/features/manage_notifications/data/models/wa_notification_item_model.dart
FNF:0
FNH:0
DA:25,1
DA:49,1
DA:50,1
DA:52,2
DA:55,1
DA:56,1
DA:57,2
DA:58,2
DA:59,2
DA:60,2
DA:61,2
DA:62,2
DA:63,2
DA:64,2
DA:65,3
DA:66,3
DA:67,2
DA:68,1
DA:69,2
DA:70,2
DA:71,2
DA:73,1
DA:74,2
DA:75,0
DA:79,2
DA:80,0
DA:82,2
DA:84,1
DA:86,2
DA:87,0
DA:89,3
DA:93,3
DA:94,3
DA:95,3
DA:96,3
DA:98,1
DA:106,1
DA:107,1
DA:108,1
DA:109,1
DA:110,1
DA:111,1
DA:112,1
DA:113,1
DA:114,1
DA:115,1
DA:116,1
DA:117,1
DA:118,1
DA:119,1
DA:120,1
DA:121,1
DA:122,1
DA:123,1
DA:124,1
DA:125,1
DA:126,1
DA:127,1
LF:58
LH:55
end_of_record
TN:
SF:lib/features/manage_notifications/data/repositories/wa_notifications_repository.dart
FNF:0
FNH:0
DA:7,0
DA:9,0
DA:14,0
DA:16,0
DA:19,0
DA:23,0
DA:25,0
DA:26,0
DA:27,0
DA:30,0
DA:33,0
DA:34,0
DA:36,0
LF:13
LH:0
end_of_record
TN:
SF:lib/features/manage_notifications/domain/providers/wa_notifications_provider.dart
FNF:0
FNH:0
DA:6,0
DA:7,0
DA:16,0
DA:23,0
DA:31,0
DA:32,0
DA:33,0
DA:34,0
DA:35,0
DA:41,0
DA:42,0
DA:44,0
DA:45,0
DA:46,0
DA:47,0
DA:48,0
DA:51,0
DA:52,0
DA:56,0
DA:57,0
DA:58,0
DA:59,0
DA:61,0
DA:63,0
DA:64,0
DA:67,0
DA:68,0
DA:69,0
DA:71,0
DA:72,0
DA:73,0
DA:76,0
DA:79,0
DA:82,0
DA:83,0
DA:85,0
DA:86,0
DA:90,0
DA:93,0
DA:94,0
DA:96,0
DA:97,0
DA:98,0
DA:99,0
DA:101,0
DA:107,0
DA:108,0
LF:47
LH:0
end_of_record
TN:
SF:lib/features/manage_partner/data/models/manage_partner_models.dart
FNF:0
FNH:0
DA:10,1
DA:19,1
DA:20,1
DA:21,1
DA:22,1
DA:23,1
DA:24,1
DA:25,1
DA:26,1
DA:30,1
DA:31,1
DA:32,1
DA:33,1
DA:34,1
DA:35,1
DA:36,1
DA:37,1
DA:51,1
DA:60,1
DA:61,1
DA:62,1
DA:63,1
DA:64,1
DA:66,1
DA:67,1
DA:68,1
DA:72,1
DA:73,1
DA:74,1
DA:75,1
DA:76,1
DA:77,1
DA:78,1
DA:79,1
DA:93,1
DA:102,1
DA:103,1
DA:104,1
DA:105,1
DA:106,1
DA:108,1
DA:109,1
DA:110,1
DA:114,1
DA:115,1
DA:116,1
DA:117,1
DA:118,1
DA:119,1
DA:120,1
DA:121,1
LF:51
LH:51
end_of_record
TN:
SF:lib/features/manage_partner/data/repositories/manage_partner_repository.dart
FNF:0
FNH:0
DA:15,0
DA:21,0
DA:22,0
DA:23,0
DA:32,0
DA:40,0
DA:44,0
DA:45,0
DA:50,0
DA:52,0
DA:54,0
DA:59,0
DA:69,0
DA:71,0
DA:82,0
DA:83,0
DA:84,0
DA:85,0
DA:86,0
DA:87,0
DA:88,0
DA:91,0
DA:94,0
DA:102,0
DA:103,0
DA:105,0
DA:109,0
DA:112,0
DA:117,0
DA:118,0
DA:120,0
DA:125,0
DA:128,0
DA:133,0
DA:140,0
DA:143,0
DA:145,0
DA:154,0
DA:156,0
DA:165,0
DA:166,0
DA:168,0
DA:172,0
DA:175,0
DA:180,0
DA:181,0
DA:183,0
DA:188,0
DA:191,0
DA:196,0
DA:203,0
DA:206,0
DA:208,0
DA:217,0
DA:219,0
DA:228,0
DA:238,0
DA:241,0
DA:248,0
DA:249,0
DA:252,0
DA:253,0
DA:256,0
DA:257,0
DA:260,0
DA:261,0
DA:265,0
DA:270,0
DA:272,0
DA:273,0
DA:274,0
DA:275,0
DA:276,0
DA:277,0
DA:278,0
DA:281,0
DA:284,0
DA:286,0
DA:295,0
DA:305,0
DA:307,0
DA:313,0
DA:314,0
DA:315,0
DA:319,0
DA:323,0
DA:330,0
DA:332,0
DA:337,0
DA:338,0
DA:342,0
DA:344,0
DA:347,0
DA:348,0
DA:351,0
DA:353,0
LF:96
LH:0
end_of_record
TN:
SF:lib/features/manage_partner/domain/providers/manage_partner_providers.dart
FNF:0
FNH:0
DA:19,0
DA:22,0
DA:26,0
DA:27,0
DA:29,0
DA:30,0
DA:39,0
DA:41,0
DA:42,0
DA:46,0
DA:49,0
DA:54,0
DA:55,0
DA:56,0
DA:59,0
DA:60,0
DA:62,0
DA:67,0
DA:70,0
DA:71,0
DA:73,0
DA:74,0
DA:76,0
DA:88,0
DA:93,0
DA:94,0
DA:95,0
DA:98,0
DA:99,0
DA:100,0
DA:103,0
DA:104,0
DA:109,0
DA:110,0
DA:111,0
DA:112,0
DA:114,0
DA:117,0
DA:119,0
DA:120,0
DA:123,0
DA:127,0
DA:131,0
DA:140,0
DA:141,0
DA:143,0
DA:148,0
DA:150,0
DA:151,0
DA:158,0
DA:159,0
DA:160,0
DA:167,0
DA:171,0
DA:172,0
DA:175,0
DA:176,0
DA:184,0
DA:194,0
DA:195,0
DA:196,0
DA:198,0
DA:201,0
DA:204,0
DA:215,0
DA:216,0
DA:218,0
DA:219,0
DA:221,0
DA:222,0
DA:229,0
DA:239,0
DA:241,0
DA:244,0
DA:245,0
DA:246,0
DA:249,0
DA:254,0
DA:255,0
DA:258,0
DA:259,0
DA:271,0
DA:272,0
DA:274,0
DA:275,0
DA:277,0
DA:278,0
DA:283,0
DA:284,0
DA:285,0
DA:286,0
DA:289,0
DA:290,0
DA:292,0
DA:293,0
DA:295,0
DA:296,0
DA:298,0
DA:299,0
DA:306,0
DA:307,0
LF:101
LH:0
end_of_record
TN:
SF:lib/features/manage_percas/data/models/perca_stock_model.dart
FNF:0
FNH:0
DA:11,2
DA:22,2
DA:23,4
DA:27,4
DA:28,4
DA:29,2
DA:30,2
DA:34,1
DA:35,1
DA:36,1
DA:37,2
DA:38,1
DA:39,1
DA:40,1
DA:41,1
LF:15
LH:15
end_of_record
TN:
SF:lib/features/manage_percas/data/models/perca_transactions_model.dart
FNF:0
FNH:0
DA:13,1
DA:25,1
DA:26,1
DA:27,1
DA:28,1
DA:29,1
DA:31,1
DA:32,3
DA:33,1
DA:34,1
DA:35,3
DA:36,1
DA:38,1
DA:39,3
DA:45,1
DA:46,1
DA:47,1
DA:48,1
DA:49,4
DA:50,1
DA:51,1
DA:55,1
DA:56,2
DA:60,1
DA:61,2
DA:68,1
DA:78,1
DA:79,1
DA:80,1
DA:81,1
DA:82,1
DA:83,1
DA:84,1
DA:85,1
DA:86,1
DA:90,1
DA:92,5
DA:95,1
DA:98,1
DA:101,2
DA:102,3
DA:106,0
DA:107,0
DA:108,0
DA:109,0
DA:110,0
DA:111,0
DA:112,0
DA:115,1
DA:118,1
DA:119,2
DA:123,0
DA:124,0
DA:125,0
DA:126,0
DA:127,0
DA:128,0
DA:129,0
DA:130,0
LF:59
LH:44
end_of_record
TN:
SF:lib/features/manage_percas/data/repositories/perca_repository.dart
FNF:0
FNH:0
DA:10,0
DA:13,0
DA:15,0
DA:16,0
DA:17,0
DA:18,0
DA:20,0
DA:25,0
DA:28,0
DA:32,0
DA:35,0
DA:36,0
DA:37,0
DA:39,0
DA:40,0
DA:44,0
DA:45,0
DA:46,0
DA:50,0
DA:55,0
DA:57,0
DA:59,0
DA:65,0
DA:67,0
DA:68,0
DA:70,0
DA:73,0
DA:78,0
DA:80,0
DA:81,0
DA:82,0
DA:85,0
DA:86,0
DA:87,0
DA:89,0
LF:35
LH:0
end_of_record
TN:
SF:lib/features/manage_percas/data/repositories/perca_transactions_repository.dart
FNF:0
FNH:0
DA:7,1
DA:14,1
DA:16,1
DA:17,1
DA:18,1
DA:21,4
DA:23,0
DA:33,1
DA:35,2
DA:37,1
DA:38,1
DA:39,3
DA:42,0
DA:44,0
DA:49,1
DA:51,1
DA:52,1
DA:53,1
DA:54,1
DA:55,1
DA:56,1
DA:58,0
DA:68,1
DA:76,2
DA:78,1
DA:83,3
DA:86,1
DA:88,0
DA:94,0
DA:101,0
DA:103,0
DA:106,0
DA:110,0
DA:112,0
DA:121,0
DA:123,0
DA:124,0
DA:125,0
DA:128,0
DA:129,0
DA:130,0
DA:132,0
DA:137,0
DA:141,0
DA:142,0
DA:143,0
DA:146,0
DA:147,0
DA:148,0
DA:149,0
DA:151,0
DA:156,0
DA:161,0
DA:162,0
DA:163,0
DA:166,0
DA:167,0
DA:168,0
DA:170,0
DA:179,0
DA:184,0
DA:185,0
DA:186,0
DA:187,0
DA:189,0
DA:198,0
DA:200,0
DA:201,0
DA:202,0
DA:203,0
DA:205,0
DA:214,1
DA:216,1
DA:217,1
DA:218,1
DA:219,1
DA:221,1
DA:223,2
DA:224,2
DA:226,3
DA:228,5
DA:229,3
DA:231,1
DA:232,3
DA:234,1
DA:244,0
DA:249,1
DA:251,1
DA:252,1
DA:253,1
DA:255,1
DA:257,2
DA:258,3
DA:260,3
DA:262,1
DA:263,3
DA:265,1
DA:271,0
LF:98
LH:48
end_of_record
TN:
SF:lib/features/manage_percas/domain/providers/perca_provider.dart
FNF:0
FNH:0
DA:9,3
DA:10,0
DA:11,0
DA:15,0
DA:16,0
DA:20,3
DA:21,0
DA:24,3
DA:26,1
DA:27,3
DA:29,1
DA:31,2
DA:32,2
DA:34,3
DA:36,5
DA:38,3
DA:39,3
DA:41,1
DA:42,2
DA:45,5
DA:46,1
DA:47,5
DA:48,1
DA:49,5
DA:61,3
DA:66,1
DA:72,1
DA:73,1
DA:74,3
DA:75,3
DA:78,1
DA:81,1
DA:82,1
DA:83,1
DA:87,1
DA:88,1
DA:89,1
DA:90,1
DA:91,1
DA:97,1
DA:102,1
DA:106,1
DA:107,3
DA:108,3
DA:111,1
DA:114,1
DA:115,3
DA:116,1
DA:117,1
DA:118,1
DA:121,1
DA:123,1
DA:124,1
DA:125,1
DA:132,1
DA:136,1
LF:56
LH:51
end_of_record
TN:
SF:lib/features/manage_percas/domain/providers/perca_transactions_provider.dart
FNF:0
FNH:0
DA:12,2
DA:13,1
DA:14,0
DA:15,0
DA:23,0
DA:26,0
DA:30,3
DA:31,0
DA:33,0
DA:34,0
DA:39,2
DA:40,1
DA:42,0
DA:43,0
DA:47,2
DA:48,2
DA:50,2
DA:51,1
DA:55,4
DA:57,2
DA:58,1
DA:62,2
DA:63,2
DA:65,2
DA:66,1
DA:70,2
DA:71,2
DA:73,2
DA:74,1
DA:82,2
DA:83,1
DA:88,1
DA:97,0
DA:103,0
DA:105,0
DA:107,0
DA:108,0
DA:111,0
DA:113,0
DA:119,0
DA:128,0
DA:129,0
DA:130,0
DA:131,0
DA:135,0
DA:136,0
DA:142,0
DA:147,0
DA:148,0
DA:150,0
DA:151,0
DA:152,0
DA:154,0
DA:157,0
DA:164,0
DA:165,0
DA:166,0
DA:167,0
DA:170,0
DA:171,0
DA:178,1
DA:182,1
DA:183,3
DA:184,3
DA:185,1
DA:187,3
DA:188,3
DA:189,3
DA:194,1
DA:195,1
DA:196,3
DA:197,3
DA:198,1
DA:200,3
DA:201,3
DA:202,3
DA:203,3
LF:77
LH:40
end_of_record
TN:
SF:lib/features/manage_tailors/data/models/salary_withdrawal_model.dart
FNF:0
FNH:0
DA:8,1
DA:16,1
DA:17,1
DA:18,1
DA:20,1
DA:21,3
DA:22,1
DA:23,1
DA:24,3
DA:26,1
DA:27,3
DA:28,0
DA:32,1
DA:33,1
DA:34,1
DA:35,1
DA:36,4
DA:41,1
DA:48,1
DA:49,1
DA:50,1
DA:51,1
DA:52,1
DA:53,1
DA:57,1
DA:59,5
DA:62,1
DA:66,4
DA:69,1
DA:70,2
LF:30
LH:29
end_of_record
TN:
SF:lib/features/manage_tailors/data/models/tailor_model.dart
FNF:0
FNH:0
DA:13,3
DA:26,3
DA:27,3
DA:28,3
DA:29,3
DA:30,3
DA:31,3
DA:33,3
DA:34,4
DA:35,1
DA:36,3
DA:37,8
DA:38,6
DA:43,1
DA:44,1
DA:45,1
DA:46,1
DA:47,1
DA:48,1
DA:49,1
DA:55,1
DA:65,1
DA:66,1
DA:67,0
DA:68,1
DA:69,0
DA:70,1
DA:71,1
DA:72,1
DA:73,1
DA:77,0
DA:79,0
DA:82,1
DA:86,4
DA:89,0
DA:90,0
LF:36
LH:30
end_of_record
TN:
SF:lib/features/manage_tailors/data/repositories/tailor_repository.dart
FNF:0
FNH:0
DA:15,0
DA:24,0
DA:25,0
DA:26,0
DA:35,0
DA:39,0
DA:41,0
DA:44,0
DA:45,0
DA:46,0
DA:49,0
DA:50,0
DA:53,0
DA:55,0
DA:58,0
DA:59,0
DA:64,0
DA:65,0
DA:67,0
DA:68,0
DA:71,0
DA:72,0
DA:73,0
DA:76,0
DA:77,0
DA:80,0
DA:82,0
DA:85,0
DA:86,0
DA:91,0
DA:92,0
DA:95,0
DA:96,0
DA:97,0
DA:100,0
DA:101,0
DA:104,0
DA:108,0
DA:109,0
DA:112,0
DA:113,0
DA:122,0
DA:128,0
DA:131,0
DA:132,0
DA:133,0
DA:139,0
DA:140,0
DA:142,0
DA:143,0
DA:146,0
DA:149,0
DA:150,0
DA:151,0
DA:156,0
DA:165,0
DA:173,0
DA:177,0
DA:179,0
DA:180,0
DA:181,0
DA:183,0
DA:184,0
DA:186,0
DA:192,0
DA:193,0
DA:194,0
DA:200,0
DA:201,0
DA:202,0
DA:204,0
DA:205,0
DA:208,0
DA:211,0
DA:212,0
DA:213,0
DA:216,0
DA:225,0
DA:226,0
DA:229,0
DA:232,0
DA:234,0
DA:238,0
DA:239,0
DA:241,0
DA:242,0
DA:244,0
DA:251,0
DA:253,0
DA:254,0
DA:260,0
DA:262,0
DA:263,0
DA:289,0
DA:290,0
DA:293,0
DA:295,0
DA:298,0
DA:299,0
DA:300,0
DA:310,0
DA:312,0
DA:313,0
DA:315,0
DA:316,0
DA:317,0
DA:318,0
DA:319,0
DA:320,0
DA:321,0
DA:324,0
DA:326,0
DA:327,0
DA:328,0
DA:329,0
DA:330,0
DA:331,0
DA:336,0
DA:337,0
DA:346,0
DA:347,0
DA:349,0
DA:350,0
DA:351,0
DA:352,0
DA:354,0
DA:355,0
DA:358,0
DA:359,0
DA:368,0
DA:371,0
DA:373,0
DA:374,0
DA:375,0
DA:376,0
DA:377,0
DA:381,0
DA:382,0
DA:383,0
DA:386,0
DA:387,0
DA:390,0
DA:395,0
DA:398,0
DA:400,0
DA:401,0
DA:402,0
DA:403,0
DA:404,0
DA:408,0
DA:409,0
DA:410,0
DA:413,0
DA:414,0
DA:417,0
DA:422,0
DA:427,0
DA:430,0
DA:431,0
DA:432,0
DA:435,0
DA:437,0
DA:438,0
DA:441,0
DA:443,0
DA:444,0
DA:445,0
DA:446,0
DA:449,0
DA:450,0
DA:453,0
DA:454,0
DA:457,0
LF:173
LH:0
end_of_record
TN:
SF:lib/features/manage_tailors/domain/providers/tailor_provider.dart
FNF:0
FNH:0
DA:15,0
DA:16,0
DA:17,0
DA:18,0
DA:28,0
DA:31,0
DA:32,0
DA:35,0
DA:36,0
DA:45,0
DA:48,0
DA:49,0
DA:52,0
DA:53,0
DA:55,0
DA:60,0
DA:61,0
DA:62,0
DA:71,0
DA:76,0
DA:77,0
DA:80,0
DA:84,0
DA:90,0
DA:92,0
DA:95,0
DA:97,0
DA:105,0
DA:106,0
DA:108,0
DA:109,0
DA:113,0
DA:114,0
DA:120,0
DA:128,0
DA:130,0
DA:133,0
DA:135,0
DA:145,0
DA:147,0
DA:148,0
DA:152,0
DA:153,0
DA:159,0
DA:164,0
DA:166,0
DA:169,0
DA:171,0
DA:178,0
DA:180,0
DA:181,0
DA:182,0
DA:184,0
DA:185,0
DA:189,0
DA:190,0
DA:196,0
DA:197,0
DA:199,0
DA:202,0
DA:204,0
DA:207,0
DA:208,0
DA:210,0
DA:211,0
DA:213,0
DA:214,0
DA:221,0
DA:222,0
DA:241,0
DA:242,0
DA:243,0
DA:244,0
DA:251,0
DA:252,0
DA:253,0
DA:254,0
DA:258,0
DA:259,0
DA:260,0
DA:261,0
DA:265,0
DA:266,0
DA:267,0
DA:268,0
DA:270,0
DA:271,0
DA:274,0
DA:277,0
DA:279,0
DA:280,0
DA:281,0
DA:283,0
DA:284,0
DA:285,0
DA:286,0
DA:297,0
DA:298,0
DA:299,0
DA:300,0
LF:100
LH:0
end_of_record
TN:
SF:lib/features/manage_tailors/domain/utils/prediction_model_utils.dart
FNF:0
FNH:0
DA:9,0
DA:18,1
DA:22,1
DA:23,1
DA:32,1
DA:36,1
DA:44,1
DA:49,1
DA:53,1
DA:57,1
LF:10
LH:9
end_of_record
TN:
SF:lib/main.dart
FNF:0
FNH:0
DA:11,0
DA:12,0
DA:13,0
DA:17,0
DA:20,0
DA:21,0
DA:24,0
DA:26,0
DA:27,0
DA:32,0
DA:34,0
DA:37,0
DA:38,0
DA:39,0
DA:40,0
DA:41,0
DA:42,0
DA:44,0
DA:52,0
DA:63,1
DA:65,0
DA:67,0
DA:70,0
DA:77,0
DA:79,0
DA:80,0
DA:89,0
DA:91,0
DA:92,0
DA:95,0
DA:96,0
DA:99,0
DA:100,0
DA:101,0
DA:102,0
DA:103,0
DA:104,0
DA:105,0
DA:110,0
DA:111,0
DA:112,0
DA:116,0
DA:117,0
DA:133,0
DA:143,0
DA:146,0
DA:148,0
DA:149,0
DA:151,0
DA:152,0
DA:156,0
DA:157,0
DA:158,0
DA:161,0
LF:54
LH:1
end_of_record
